TN:
SF:C:\Users\jamie\Desktop\Project3\Interview-Tracker-Angular\src\polyfills.ts
FNF:0
FNH:0
LF:0
LH:0
BRF:0
BRH:0
end_of_record
TN:
SF:C:\Users\jamie\Desktop\Project3\Interview-Tracker-Angular\src\test.ts
FNF:0
FNH:0
DA:13,1
DA:18,1
DA:20,1
LF:3
LH:3
BRF:0
BRH:0
end_of_record
TN:
SF:C:\Users\jamie\Desktop\Project3\Interview-Tracker-Angular\src\app\app-material.module.ts
FNF:0
FNH:0
DA:30,1
DA:69,1
LF:2
LH:2
BRF:0
BRH:0
end_of_record
TN:
SF:C:\Users\jamie\Desktop\Project3\Interview-Tracker-Angular\src\app\app-routing.module.ts
FNF:0
FNH:0
DA:16,1
DA:38,1
LF:2
LH:2
BRF:0
BRH:0
end_of_record
TN:
SF:C:\Users\jamie\Desktop\Project3\Interview-Tracker-Angular\src\app\app.component.ts
FN:4,(anonymous_0)
FNF:1
FNH:1
FNDA:2,(anonymous_0)
DA:9,1
DA:10,2
LF:2
LH:2
BRF:0
BRH:0
end_of_record
TN:
SF:C:\Users\jamie\Desktop\Project3\Interview-Tracker-Angular\src\app\auth.guard.ts
FN:11,(anonymous_0)
FN:16,(anonymous_1)
FNF:2
FNH:1
FNDA:1,(anonymous_0)
FNDA:0,(anonymous_1)
DA:10,1
DA:12,1
DA:13,1
DA:19,0
DA:20,0
DA:21,0
DA:23,0
DA:24,0
LF:8
LH:3
BRDA:20,0,0,0
BRDA:20,0,1,0
BRF:2
BRH:0
end_of_record
TN:
SF:C:\Users\jamie\Desktop\Project3\Interview-Tracker-Angular\src\app\error-interceptor.ts
FN:10,(anonymous_0)
FN:12,(anonymous_1)
FN:13,(anonymous_2)
FNF:3
FNH:1
FNDA:1,(anonymous_0)
FNDA:0,(anonymous_1)
FNDA:0,(anonymous_2)
DA:9,1
DA:10,1
DA:13,0
DA:14,0
DA:15,0
DA:16,0
DA:19,0
DA:20,0
LF:8
LH:2
BRDA:14,0,0,0
BRDA:14,0,1,0
BRDA:19,1,0,0
BRDA:19,1,1,0
BRF:4
BRH:0
end_of_record
TN:
SF:C:\Users\jamie\Desktop\Project3\Interview-Tracker-Angular\src\app\jwt-interceptor.ts
FN:9,(anonymous_0)
FN:11,(anonymous_1)
FNF:2
FNH:1
FNDA:1,(anonymous_0)
FNDA:0,(anonymous_1)
DA:8,1
DA:9,1
DA:12,0
DA:13,0
DA:14,0
DA:21,0
DA:29,0
LF:7
LH:2
BRDA:13,0,0,0
BRDA:13,0,1,0
BRDA:13,1,0,0
BRDA:13,1,1,0
BRF:4
BRH:0
end_of_record
TN:
SF:C:\Users\jamie\Desktop\Project3\Interview-Tracker-Angular\src\app\components\interview-form\interview-form.component.ts
FN:53,(anonymous_0)
FN:55,(anonymous_1)
FN:58,(anonymous_2)
FN:65,(anonymous_3)
FN:72,(anonymous_4)
FN:79,(anonymous_5)
FN:80,(anonymous_6)
FN:86,(anonymous_7)
FN:87,(anonymous_8)
FN:92,(anonymous_9)
FN:96,(anonymous_10)
FN:100,(anonymous_11)
FN:103,(anonymous_12)
FN:106,(anonymous_13)
FN:109,(anonymous_14)
FN:112,(anonymous_15)
FN:121,(anonymous_16)
FN:125,(anonymous_17)
FN:127,(anonymous_18)
FN:138,(anonymous_19)
FN:143,(anonymous_20)
FNF:21
FNH:8
FNDA:1,(anonymous_0)
FNDA:1,(anonymous_1)
FNDA:0,(anonymous_2)
FNDA:0,(anonymous_3)
FNDA:0,(anonymous_4)
FNDA:1,(anonymous_5)
FNDA:1,(anonymous_6)
FNDA:1,(anonymous_7)
FNDA:1,(anonymous_8)
FNDA:2,(anonymous_9)
FNDA:2,(anonymous_10)
FNDA:0,(anonymous_11)
FNDA:0,(anonymous_12)
FNDA:0,(anonymous_13)
FNDA:0,(anonymous_14)
FNDA:0,(anonymous_15)
FNDA:0,(anonymous_16)
FNDA:0,(anonymous_17)
FNDA:0,(anonymous_18)
FNDA:0,(anonymous_19)
FNDA:0,(anonymous_20)
DA:33,1
DA:34,1
DA:35,1
DA:36,1
DA:38,1
DA:39,1
DA:40,1
DA:44,1
DA:53,1
DA:56,1
DA:58,1
DA:59,0
DA:60,0
DA:61,0
DA:65,1
DA:66,0
DA:67,0
DA:68,0
DA:72,1
DA:73,0
DA:76,1
DA:79,1
DA:80,1
DA:83,1
DA:86,1
DA:87,1
DA:93,2
DA:97,2
DA:101,0
DA:103,0
DA:107,0
DA:109,0
DA:113,0
DA:122,0
DA:123,0
DA:125,0
DA:128,0
DA:129,0
DA:130,0
DA:132,0
DA:133,0
DA:134,0
DA:139,0
DA:140,0
DA:144,0
DA:145,0
LF:46
LH:21
BRDA:79,0,0,1
BRDA:79,0,1,0
BRDA:80,1,0,0
BRDA:80,1,1,1
BRDA:86,2,0,1
BRDA:86,2,1,0
BRDA:87,3,0,0
BRDA:87,3,1,1
BRDA:93,4,0,0
BRDA:93,4,1,2
BRDA:97,5,0,0
BRDA:97,5,1,2
BRDA:128,6,0,0
BRDA:128,6,1,0
BRDA:132,7,0,0
BRDA:132,7,1,0
BRF:16
BRH:6
end_of_record
TN:
SF:C:\Users\jamie\Desktop\Project3\Interview-Tracker-Angular\src\app\components\job-form\job-form.component.ts
FN:19,(anonymous_0)
FN:21,(anonymous_1)
FN:24,(anonymous_2)
FN:28,(anonymous_3)
FN:35,(anonymous_4)
FN:39,(anonymous_5)
FN:47,(anonymous_6)
FNF:7
FNH:2
FNDA:1,(anonymous_0)
FNDA:1,(anonymous_1)
FNDA:0,(anonymous_2)
FNDA:0,(anonymous_3)
FNDA:0,(anonymous_4)
FNDA:0,(anonymous_5)
FNDA:0,(anonymous_6)
DA:15,1
DA:17,1
DA:19,1
DA:22,1
DA:24,1
DA:25,0
DA:29,0
DA:36,0
DA:37,0
DA:39,0
DA:48,0
DA:49,0
DA:51,0
DA:52,0
LF:14
LH:5
BRDA:48,0,0,0
BRDA:48,0,1,0
BRDA:51,1,0,0
BRDA:51,1,1,0
BRF:4
BRH:0
end_of_record
TN:
SF:C:\Users\jamie\Desktop\Project3\Interview-Tracker-Angular\src\app\components\login\login.component.ts
FN:18,(anonymous_0)
FN:20,(anonymous_1)
FN:24,(anonymous_2)
FN:33,(anonymous_3)
FN:40,(anonymous_4)
FN:42,(anonymous_5)
FNF:6
FNH:2
FNDA:1,(anonymous_0)
FNDA:1,(anonymous_1)
FNDA:0,(anonymous_2)
FNDA:0,(anonymous_3)
FNDA:0,(anonymous_4)
FNDA:0,(anonymous_5)
DA:14,1
DA:16,1
DA:18,1
DA:21,1
DA:28,0
DA:34,0
DA:35,0
DA:36,0
DA:37,0
DA:40,0
DA:43,0
LF:11
LH:4
BRDA:36,0,0,0
BRDA:36,0,1,0
BRF:2
BRH:0
end_of_record
TN:
SF:C:\Users\jamie\Desktop\Project3\Interview-Tracker-Angular\src\app\components\logout\logout.component.ts
FN:12,(anonymous_0)
FN:14,(anonymous_1)
FN:18,(anonymous_2)
FNF:3
FNH:2
FNDA:1,(anonymous_0)
FNDA:1,(anonymous_1)
FNDA:0,(anonymous_2)
DA:10,1
DA:12,1
DA:15,1
DA:16,1
DA:19,0
LF:5
LH:4
BRF:0
BRH:0
end_of_record
TN:
SF:C:\Users\jamie\Desktop\Project3\Interview-Tracker-Angular\src\app\components\navbar\navbar.component.ts
FN:16,(anonymous_0)
FN:18,(anonymous_1)
FNF:2
FNH:2
FNDA:3,(anonymous_0)
FNDA:1,(anonymous_1)
DA:14,1
DA:16,3
DA:19,1
DA:22,1
LF:4
LH:4
BRF:0
BRH:0
end_of_record
TN:
SF:C:\Users\jamie\Desktop\Project3\Interview-Tracker-Angular\src\app\components\profile-form\profile-form.component.ts
FN:19,(anonymous_0)
FN:21,(anonymous_1)
FN:24,(anonymous_2)
FN:29,(anonymous_3)
FN:37,(anonymous_4)
FN:41,(anonymous_5)
FN:43,(anonymous_6)
FNF:7
FNH:2
FNDA:1,(anonymous_0)
FNDA:1,(anonymous_1)
FNDA:0,(anonymous_2)
FNDA:0,(anonymous_3)
FNDA:0,(anonymous_4)
FNDA:0,(anonymous_5)
FNDA:0,(anonymous_6)
DA:13,1
DA:15,1
DA:19,1
DA:22,1
DA:24,1
DA:25,0
DA:30,0
DA:38,0
DA:39,0
DA:41,0
DA:44,0
DA:45,0
DA:47,0
DA:48,0
LF:14
LH:5
BRDA:44,0,0,0
BRDA:44,0,1,0
BRDA:47,1,0,0
BRDA:47,1,1,0
BRF:4
BRH:0
end_of_record
TN:
SF:C:\Users\jamie\Desktop\Project3\Interview-Tracker-Angular\src\app\components\skills-form\skills-form.component.ts
FN:15,(anonymous_0)
FN:22,(anonymous_1)
FN:27,(anonymous_2)
FN:30,(anonymous_3)
FNF:4
FNH:2
FNDA:1,(anonymous_0)
FNDA:1,(anonymous_1)
FNDA:0,(anonymous_2)
FNDA:0,(anonymous_3)
DA:13,1
DA:16,1
DA:17,1
DA:23,1
DA:25,1
DA:28,0
DA:30,0
LF:7
LH:5
BRF:0
BRH:0
end_of_record
TN:
SF:C:\Users\jamie\Desktop\Project3\Interview-Tracker-Angular\src\app\landing\landing.component.ts
FN:12,(anonymous_0)
FN:14,(anonymous_1)
FN:15,(anonymous_2)
FNF:3
FNH:2
FNDA:1,(anonymous_0)
FNDA:1,(anonymous_1)
FNDA:0,(anonymous_2)
DA:10,1
DA:12,1
DA:15,1
DA:16,0
LF:4
LH:3
BRF:0
BRH:0
end_of_record
TN:
SF:C:\Users\jamie\Desktop\Project3\Interview-Tracker-Angular\src\app\models\user.ts
FNF:0
FNH:0
LF:0
LH:0
BRF:0
BRH:0
end_of_record
TN:
SF:C:\Users\jamie\Desktop\Project3\Interview-Tracker-Angular\src\app\project-hub\project-hub.component.ts
FN:13,(anonymous_0)
FN:15,(anonymous_1)
FN:25,(anonymous_2)
FNF:3
FNH:2
FNDA:1,(anonymous_0)
FNDA:1,(anonymous_1)
FNDA:0,(anonymous_2)
DA:9,1
DA:10,1
DA:11,1
DA:13,1
DA:16,1
DA:17,0
DA:18,0
DA:20,1
DA:22,1
DA:26,0
LF:10
LH:7
BRDA:16,0,0,0
BRDA:16,0,1,1
BRF:2
BRH:1
end_of_record
TN:
SF:C:\Users\jamie\Desktop\Project3\Interview-Tracker-Angular\src\app\services\auth.service.ts
FN:18,(anonymous_0)
FN:23,(anonymous_1)
FN:27,(anonymous_2)
FN:29,(anonymous_3)
FN:36,(anonymous_4)
FNF:5
FNH:2
FNDA:5,(anonymous_0)
FNDA:0,(anonymous_1)
FNDA:0,(anonymous_2)
FNDA:0,(anonymous_3)
FNDA:1,(anonymous_4)
DA:13,1
DA:18,5
DA:19,5
DA:20,5
DA:24,0
DA:28,0
DA:30,0
DA:31,0
DA:32,0
DA:37,1
DA:38,1
DA:41,5
LF:12
LH:7
BRF:0
BRH:0
end_of_record
TN:
SF:C:\Users\jamie\Desktop\Project3\Interview-Tracker-Angular\src\app\services\navbarserv.service.ts
FN:10,(anonymous_0)
FN:12,(anonymous_1)
FN:14,(anonymous_2)
FN:16,(anonymous_3)
FNF:4
FNH:4
FNDA:21,(anonymous_0)
FNDA:3,(anonymous_1)
FNDA:15,(anonymous_2)
FNDA:2,(anonymous_3)
DA:6,1
DA:10,21
DA:12,3
DA:14,15
DA:16,2
LF:5
LH:5
BRF:0
BRH:0
end_of_record
TN:
SF:C:\Users\jamie\Desktop\Project3\Interview-Tracker-Angular\src\app\view-interviews\view-interviews.component.ts
FN:13,(anonymous_0)
FN:15,(anonymous_1)
FN:18,(anonymous_2)
FNF:3
FNH:2
FNDA:1,(anonymous_0)
FNDA:1,(anonymous_1)
FNDA:0,(anonymous_2)
DA:11,1
DA:13,1
DA:16,1
DA:17,1
DA:19,0
LF:5
LH:4
BRF:0
BRH:0
end_of_record
TN:
SF:C:\Users\jamie\Desktop\Project3\Interview-Tracker-Angular\src\app\view-jobs\view-jobs.component.ts
FN:16,(anonymous_0)
FN:18,(anonymous_1)
FN:20,(anonymous_2)
FN:25,(anonymous_3)
FN:35,(anonymous_4)
FN:41,(anonymous_5)
FN:45,(anonymous_6)
FN:47,(anonymous_7)
FNF:8
FNH:4
FNDA:5,(anonymous_0)
FNDA:5,(anonymous_1)
FNDA:0,(anonymous_2)
FNDA:2,(anonymous_3)
FNDA:0,(anonymous_4)
FNDA:0,(anonymous_5)
FNDA:0,(anonymous_6)
FNDA:2,(anonymous_7)
DA:12,1
DA:16,5
DA:19,5
DA:20,5
DA:21,0
DA:22,0
DA:26,2
DA:27,1
DA:28,1
DA:30,1
DA:31,1
DA:36,0
DA:37,0
DA:42,0
DA:43,0
DA:45,0
DA:48,2
DA:49,0
DA:51,2
LF:19
LH:11
BRDA:26,0,0,1
BRDA:26,0,1,1
BRDA:30,1,0,1
BRDA:30,1,1,0
BRDA:48,2,0,0
BRDA:48,2,1,2
BRF:6
BRH:4
end_of_record
TN:
SF:C:\Users\jamie\Desktop\Project3\Interview-Tracker-Angular\src\app\view-profiles\view-profiles.component.ts
FN:16,(anonymous_0)
FN:18,(anonymous_1)
FN:21,(anonymous_2)
FN:25,(anonymous_3)
FN:28,(anonymous_4)
FN:30,(anonymous_5)
FNF:6
FNH:3
FNDA:1,(anonymous_0)
FNDA:1,(anonymous_1)
FNDA:0,(anonymous_2)
FNDA:0,(anonymous_3)
FNDA:1,(anonymous_4)
FNDA:0,(anonymous_5)
DA:11,1
DA:16,1
DA:19,1
DA:20,1
DA:21,1
DA:22,0
DA:25,1
DA:26,0
DA:27,0
DA:28,1
DA:31,0
DA:32,0
DA:34,0
DA:36,0
DA:37,0
DA:38,0
DA:40,0
DA:41,0
DA:42,0
DA:43,0
DA:45,0
DA:47,0
LF:22
LH:7
BRDA:31,0,0,0
BRDA:31,0,1,0
BRDA:42,1,0,0
BRDA:42,1,1,0
BRF:4
BRH:0
end_of_record
TN:
SF:C:\Users\jamie\Desktop\Project3\Interview-Tracker-Angular\src\environments\environment.ts
FNF:0
FNH:0
DA:5,1
LF:1
LH:1
BRF:0
BRH:0
end_of_record
