TN:
SF:C:\Users\jamie\Desktop\Project3\Interview-Tracker-Angular\src\polyfills.ts
FNF:0
FNH:0
LF:0
LH:0
BRF:0
BRH:0
end_of_record
TN:
SF:C:\Users\jamie\Desktop\Project3\Interview-Tracker-Angular\src\test.ts
FNF:0
FNH:0
DA:13,1
DA:18,1
DA:20,1
LF:3
LH:3
BRF:0
BRH:0
end_of_record
TN:
SF:C:\Users\jamie\Desktop\Project3\Interview-Tracker-Angular\src\app\app-routing.module.ts
FNF:0
FNH:0
DA:16,1
DA:38,1
LF:2
LH:2
BRF:0
BRH:0
end_of_record
TN:
SF:C:\Users\jamie\Desktop\Project3\Interview-Tracker-Angular\src\app\app.component.ts
FN:4,(anonymous_0)
FNF:1
FNH:1
FNDA:3,(anonymous_0)
DA:9,1
DA:10,3
LF:2
LH:2
BRF:0
BRH:0
end_of_record
TN:
SF:C:\Users\jamie\Desktop\Project3\Interview-Tracker-Angular\src\app\components\interview-form\interview-form.component.ts
FN:11,(anonymous_0)
FN:13,(anonymous_1)
FNF:2
FNH:2
FNDA:1,(anonymous_0)
FNDA:1,(anonymous_1)
DA:9,1
DA:11,1
DA:14,1
LF:3
LH:3
BRF:0
BRH:0
end_of_record
TN:
SF:C:\Users\jamie\Desktop\Project3\Interview-Tracker-Angular\src\app\components\job-form\job-form.component.ts
FN:19,(anonymous_0)
FN:21,(anonymous_1)
FN:24,(anonymous_2)
FN:28,(anonymous_3)
FN:35,(anonymous_4)
FN:38,(anonymous_5)
FN:40,(anonymous_6)
FNF:7
FNH:0
FNDA:0,(anonymous_0)
FNDA:0,(anonymous_1)
FNDA:0,(anonymous_2)
FNDA:0,(anonymous_3)
FNDA:0,(anonymous_4)
FNDA:0,(anonymous_5)
FNDA:0,(anonymous_6)
DA:15,1
DA:17,0
DA:19,0
DA:22,0
DA:24,0
DA:25,0
DA:29,0
DA:36,0
DA:38,0
DA:41,0
DA:42,0
DA:44,0
DA:45,0
LF:13
LH:1
BRDA:41,0,0,0
BRDA:41,0,1,0
BRDA:44,1,0,0
BRDA:44,1,1,0
BRF:4
BRH:0
end_of_record
TN:
SF:C:\Users\jamie\Desktop\Project3\Interview-Tracker-Angular\src\app\components\login\login.component.ts
FN:21,(anonymous_0)
FN:23,(anonymous_1)
FN:27,(anonymous_2)
FN:36,(anonymous_3)
FN:43,(anonymous_4)
FN:45,(anonymous_5)
FNF:6
FNH:0
FNDA:0,(anonymous_0)
FNDA:0,(anonymous_1)
FNDA:0,(anonymous_2)
FNDA:0,(anonymous_3)
FNDA:0,(anonymous_4)
FNDA:0,(anonymous_5)
DA:17,1
DA:19,0
DA:21,0
DA:24,0
DA:29,0
DA:30,0
DA:37,0
DA:38,0
DA:39,0
DA:40,0
DA:43,0
LF:11
LH:1
BRDA:39,0,0,0
BRDA:39,0,1,0
BRF:2
BRH:0
end_of_record
TN:
SF:C:\Users\jamie\Desktop\Project3\Interview-Tracker-Angular\src\app\components\logout\logout.component.ts
FN:12,(anonymous_0)
FN:14,(anonymous_1)
FN:18,(anonymous_2)
FNF:3
FNH:0
FNDA:0,(anonymous_0)
FNDA:0,(anonymous_1)
FNDA:0,(anonymous_2)
DA:10,1
DA:12,0
DA:15,0
DA:16,0
DA:19,0
LF:5
LH:1
BRF:0
BRH:0
end_of_record
TN:
SF:C:\Users\jamie\Desktop\Project3\Interview-Tracker-Angular\src\app\components\navbar\navbar.component.ts
FN:16,(anonymous_0)
FN:18,(anonymous_1)
FNF:2
FNH:2
FNDA:3,(anonymous_0)
FNDA:1,(anonymous_1)
DA:14,1
DA:16,3
DA:19,1
DA:22,1
LF:4
LH:4
BRF:0
BRH:0
end_of_record
TN:
SF:C:\Users\jamie\Desktop\Project3\Interview-Tracker-Angular\src\app\components\profile-form\profile-form.component.ts
FN:19,(anonymous_0)
FN:21,(anonymous_1)
FN:24,(anonymous_2)
FN:29,(anonymous_3)
FN:37,(anonymous_4)
FN:40,(anonymous_5)
FN:42,(anonymous_6)
FNF:7
FNH:0
FNDA:0,(anonymous_0)
FNDA:0,(anonymous_1)
FNDA:0,(anonymous_2)
FNDA:0,(anonymous_3)
FNDA:0,(anonymous_4)
FNDA:0,(anonymous_5)
FNDA:0,(anonymous_6)
DA:13,1
DA:15,0
DA:19,0
DA:22,0
DA:24,0
DA:25,0
DA:30,0
DA:38,0
DA:40,0
DA:43,0
DA:44,0
DA:46,0
DA:47,0
LF:13
LH:1
BRDA:43,0,0,0
BRDA:43,0,1,0
BRDA:46,1,0,0
BRDA:46,1,1,0
BRF:4
BRH:0
end_of_record
TN:
SF:C:\Users\jamie\Desktop\Project3\Interview-Tracker-Angular\src\app\components\skills-form\skills-form.component.ts
FN:15,(anonymous_0)
FN:22,(anonymous_1)
FN:27,(anonymous_2)
FN:31,(anonymous_3)
FNF:4
FNH:2
FNDA:1,(anonymous_0)
FNDA:1,(anonymous_1)
FNDA:0,(anonymous_2)
FNDA:0,(anonymous_3)
DA:13,1
DA:16,1
DA:17,1
DA:23,1
DA:25,1
DA:29,0
DA:31,0
LF:7
LH:5
BRF:0
BRH:0
end_of_record
TN:
SF:C:\Users\jamie\Desktop\Project3\Interview-Tracker-Angular\src\app\landing\landing.component.ts
FN:12,(anonymous_0)
FN:14,(anonymous_1)
FN:15,(anonymous_2)
FNF:3
FNH:0
FNDA:0,(anonymous_0)
FNDA:0,(anonymous_1)
FNDA:0,(anonymous_2)
DA:10,1
DA:12,0
DA:15,0
DA:16,0
LF:4
LH:1
BRF:0
BRH:0
end_of_record
TN:
SF:C:\Users\jamie\Desktop\Project3\Interview-Tracker-Angular\src\app\project-hub\project-hub.component.ts
FN:13,(anonymous_0)
FN:15,(anonymous_1)
FN:25,(anonymous_2)
FNF:3
FNH:2
FNDA:1,(anonymous_0)
FNDA:1,(anonymous_1)
FNDA:0,(anonymous_2)
DA:9,1
DA:10,1
DA:11,1
DA:13,1
DA:16,1
DA:17,0
DA:18,0
DA:20,1
DA:22,1
DA:26,0
LF:10
LH:7
BRDA:16,0,0,0
BRDA:16,0,1,1
BRF:2
BRH:1
end_of_record
TN:
SF:C:\Users\jamie\Desktop\Project3\Interview-Tracker-Angular\src\app\services\auth.service.ts
FN:16,(anonymous_0)
FN:10,(anonymous_1)
FNF:2
FNH:0
FNDA:0,(anonymous_0)
FNDA:0,(anonymous_1)
DA:8,1
DA:11,0
DA:14,0
DA:16,0
DA:17,0
LF:5
LH:1
BRF:0
BRH:0
end_of_record
TN:
SF:C:\Users\jamie\Desktop\Project3\Interview-Tracker-Angular\src\app\services\navbarserv.service.ts
FN:10,(anonymous_0)
FN:12,(anonymous_1)
FN:14,(anonymous_2)
FN:16,(anonymous_3)
FNF:4
FNH:2
FNDA:7,(anonymous_0)
FNDA:0,(anonymous_1)
FNDA:4,(anonymous_2)
FNDA:0,(anonymous_3)
DA:6,1
DA:10,7
DA:12,0
DA:14,4
DA:16,0
LF:5
LH:3
BRF:0
BRH:0
end_of_record
TN:
SF:C:\Users\jamie\Desktop\Project3\Interview-Tracker-Angular\src\app\view-interviews\view-interviews.component.ts
FN:13,(anonymous_0)
FN:15,(anonymous_1)
FN:17,(anonymous_2)
FNF:3
FNH:0
FNDA:0,(anonymous_0)
FNDA:0,(anonymous_1)
FNDA:0,(anonymous_2)
DA:11,1
DA:13,0
DA:16,0
DA:17,0
DA:18,0
LF:5
LH:1
BRF:0
BRH:0
end_of_record
TN:
SF:C:\Users\jamie\Desktop\Project3\Interview-Tracker-Angular\src\app\view-jobs\view-jobs.component.ts
FN:13,(anonymous_0)
FN:15,(anonymous_1)
FN:17,(anonymous_2)
FNF:3
FNH:0
FNDA:0,(anonymous_0)
FNDA:0,(anonymous_1)
FNDA:0,(anonymous_2)
DA:11,1
DA:13,0
DA:16,0
DA:17,0
DA:18,0
LF:5
LH:1
BRF:0
BRH:0
end_of_record
TN:
SF:C:\Users\jamie\Desktop\Project3\Interview-Tracker-Angular\src\app\view-profiles\view-profiles.component.ts
FN:14,(anonymous_0)
FN:16,(anonymous_1)
FN:18,(anonymous_2)
FNF:3
FNH:0
FNDA:0,(anonymous_0)
FNDA:0,(anonymous_1)
FNDA:0,(anonymous_2)
DA:11,1
DA:14,0
DA:17,0
DA:18,0
DA:19,0
LF:5
LH:1
BRF:0
BRH:0
end_of_record
TN:
SF:C:\Users\jamie\Desktop\Project3\Interview-Tracker-Angular\src\environments\environment.ts
FNF:0
FNH:0
DA:5,1
LF:1
LH:1
BRF:0
BRH:0
end_of_record
